<?xml version="1.0" encoding="ISO-8859-1"?>
<!--
/*
 *                Doelan development code
 *
 * This code may be freely distributed and modified under the
 * terms of the GNU General Public Licence.  This should
 * be distributed with the code. If you do not have a copy,
 * see:
 *
 *      http://www.gnu.org/copyleft/gpl.txt
 *
 * Copyright (c) 2004-2005 ENS Microarray Platform
 * Copyright for this code is held jointly by the individual
 * authors.  These should be listed in @author doc comments.
 *
 * For more information on the Doelan project and its aims,
 * or to join the Doelan mailing list, visit the home page
 * at:
 *
 *      http://www.transcriptome.ens.fr/doelan
 */
-->
<document>

  <properties>
    <title>Generic feature test</title>
    <author email="jourdren@biologie.ens.fr">Laurent Jourdren</author>
  </properties>

  <body>
  
    <section name="Generic feature test">
    
    <subsection name="Description">
    
    <p>This test is a versatile test. You can use it to test one of the columns which compose the result file. </p>
    
    </subsection>
    
    
    <subsection name="Parameters">
    
      <ul>
        <li><b>Column name</b>: The name of the column to be tested. The name must be the same as in a result file.</li>
        <li><b>Test</b>: The type of the test (lesser than, equals, greater than...).</li>
        <li><b>Test value</b>: A value to be tested against all the values of the selected column.</li>
        <li><b>Maximal threshold of bad spots</b>: The threshold in percent of invalid spots to reject the test. In the count, empty and abscent spots aren't considered.</li>
      <li><b>Remove bad spot from the output list</b>: If enabled, spots which don't pass the test will be removed in output arraylist file.</li>
      </ul>
    
    </subsection>
        
    </section>  
    
  </body>
</document>
