<?xml version="1.0" encoding="ISO-8859-1"?>
<!--
/*
 *                Doelan development code
 *
 * This code may be freely distributed and modified under the
 * terms of the GNU General Public Licence.  This should
 * be distributed with the code. If you do not have a copy,
 * see:
 *
 *      http://www.gnu.org/copyleft/gpl.txt
 *
 * Copyright (c) 2004-2005 ENS Microarray Platform
 * Copyright for this code is held jointly by the individual
 * authors.  These should be listed in @author doc comments.
 *
 * For more information on the Doelan project and its aims,
 * or to join the Doelan mailing list, visit the home page
 * at:
 *
 *      http://www.transcriptome.ens.fr/doelan
 */
-->
<document>

  <properties>
    <title>Maximal diameter feature test</title>
    <author email="jourdren@biologie.ens.fr">Laurent Jourdren</author>
  </properties>

  <body>
  
    <section name="Maximal diameter feature test">
    
    <subsection name="Description">
    
      <p>The aim of this test is to reject all spots with a too large diameter. This Doelan test use the Genepix <b>Dia.</b> column or the ImaGene <b>Diameter</b> column.</p>
    
    </subsection>
    
    <subsection name="Parameters">
    
      <ul>
        <li><b>Maximal diameter value</b>: The maximal value of the diameter in micrometer for a spot to be not excluded.</li>
        <li><b>Maximal threshold of bad spots</b>: The threshold in percent of invalid spots to reject the test. In the count, empty and abscent spots aren't considered.</li>
        <li><b>Remove bad spot from the output list</b>: If enabled, spots which don't pass the test will be removed in output arraylist file.</li>
      </ul>
    </subsection>
    
    <subsection name="Graphics">
    
    <p>This test will generate a graphics showing the distribution of diameter of the spots.</p>
    
    </subsection>
        
    </section>  
    
  </body>
</document>
