<?xml version="1.0" encoding="ISO-8859-1"?>
<!--
/*
 *                Doelan development code
 *
 * This code may be freely distributed and modified under the
 * terms of the GNU General Public Licence.  This should
 * be distributed with the code. If you do not have a copy,
 * see:
 *
 *      http://www.gnu.org/copyleft/gpl.txt
 *
 * Copyright (c) 2004-2005 ENS Microarray Platform
 * Copyright for this code is held jointly by the individual
 * authors.  These should be listed in @author doc comments.
 *
 * For more information on the Doelan project and its aims,
 * or to join the Doelan mailing list, visit the home page
 * at:
 *
 *      http://www.transcriptome.ens.fr/doelan
 */
-->
<document>

  <properties>
    <title>Bad feature test</title>
    <author email="jourdren@biologie.ens.fr">Laurent Jourdren</author>
  </properties>

  <body>
  
    <section name="Bad feature test">

    <subsection name="Description">

    <p>The aim of this test is to count and reject all spots with a flag set at a defined value. This Doelan test use the <b>Flags</b> column of the Imagene result file.</p>
    
    </subsection>
   
    <subsection name="Parameters">
   
    <ul>
      <li><b>Maximal threshold of bad spots</b>: The threshold in percent of invalid spots to reject the test. In the count, empty and abscent spots aren't considered.</li>
      <li><b>Flag value to test</b>: Value of the flag to test.</li>
      <li><b>Remove bad spot from the output list</b>: If enabled, spots which don't pass the test will be removed in output arraylist file.</li>
    </ul>

    </subsection>
        
    </section>  
    
  </body>
</document>
